<?xml version="1.0" encoding="UTF-8"?>
<!-- Generated by org.testng.reporters.JUnitXMLReporter -->
<testsuite ignored="0" hostname="Keert_Div-PC" failures="0" tests="3" name="Default test" time="640.548" errors="0" timestamp="2021-05-12T13:02:51 IST">
  <testcase classname="testScript.TestClass" name="HospitalList" time="175.389"/>
  <testcase classname="testScript.TestClass" name="DiagonosticsPage" time="19.876"/>
  <testcase classname="testScript.TestClass" name="corporateWellnessPage" time="428.905"/>
</testsuite> <!-- Default test -->
