<?xml version="1.0" encoding="UTF-8"?>
<testng-results ignored="0" total="3" passed="3" failed="0" skipped="0">
  <reporter-output>
  </reporter-output>
  <suite started-at="2021-05-12T12:52:11 IST" name="Default suite" finished-at="2021-05-12T13:02:51 IST" duration-ms="640548">
    <groups>
    </groups>
    <test started-at="2021-05-12T12:52:11 IST" name="Default test" finished-at="2021-05-12T13:02:51 IST" duration-ms="640548">
      <class name="testScript.TestClass">
        <test-method is-config="true" signature="open()[pri:0, instance:testScript.TestClass@69e1dd28]" started-at="2021-05-12T12:52:11 IST" name="open" finished-at="2021-05-12T12:52:24 IST" duration-ms="13397" status="PASS">
          <reporter-output>
          </reporter-output>
        </test-method> <!-- open -->
        <test-method signature="HospitalList()[pri:1, instance:testScript.TestClass@69e1dd28]" started-at="2021-05-12T12:52:24 IST" name="HospitalList" finished-at="2021-05-12T12:55:20 IST" duration-ms="175389" status="PASS">
          <reporter-output>
          </reporter-output>
        </test-method> <!-- HospitalList -->
        <test-method signature="DiagonosticsPage()[pri:2, instance:testScript.TestClass@69e1dd28]" started-at="2021-05-12T12:55:20 IST" name="DiagonosticsPage" finished-at="2021-05-12T12:55:39 IST" depends-on-methods="testScript.TestClass.HospitalList" duration-ms="19876" status="PASS">
          <reporter-output>
          </reporter-output>
        </test-method> <!-- DiagonosticsPage -->
        <test-method signature="corporateWellnessPage()[pri:3, instance:testScript.TestClass@69e1dd28]" started-at="2021-05-12T12:55:39 IST" name="corporateWellnessPage" finished-at="2021-05-12T13:02:48 IST" depends-on-methods="testScript.TestClass.DiagonosticsPage" duration-ms="428905" status="PASS">
          <reporter-output>
          </reporter-output>
        </test-method> <!-- corporateWellnessPage -->
        <test-method is-config="true" signature="close_browser()[pri:0, instance:testScript.TestClass@69e1dd28]" started-at="2021-05-12T13:02:48 IST" name="close_browser" finished-at="2021-05-12T13:02:50 IST" duration-ms="1688" status="PASS">
          <reporter-output>
          </reporter-output>
        </test-method> <!-- close_browser -->
        <test-method is-config="true" signature="endReport()[pri:0, instance:testScript.TestClass@69e1dd28]" started-at="2021-05-12T13:02:50 IST" name="endReport" finished-at="2021-05-12T13:02:51 IST" duration-ms="1204" status="PASS">
          <reporter-output>
          </reporter-output>
        </test-method> <!-- endReport -->
      </class> <!-- testScript.TestClass -->
    </test> <!-- Default test -->
  </suite> <!-- Default suite -->
</testng-results>
